This is pdfTeX, Version 3.14159265-2.6-1.40.21 (MiKTeX 20.6.29) (preloaded format=pdflatex 2020.8.12)  13 AUG 2020 18:25
entering extended mode
**./Maxiplot-eksempel-med-GNUPlot.tex
(Maxiplot-eksempel-med-GNUPlot.tex
LaTeX2e <2020-02-02> patch level 5
L3 programming layer <2020-06-18>
(C:\Users\ole\AppData\Local\Programs\MiKTeX\tex/latex/base\article.cls
Document Class: article 2019/12/20 v1.4l Standard LaTeX document class
(C:\Users\ole\AppData\Local\Programs\MiKTeX\tex/latex/base\size11.clo
File: size11.clo 2019/12/20 v1.4l Standard LaTeX file (size option)
)
\c@part=\count167
\c@section=\count168
\c@subsection=\count169
\c@subsubsection=\count170
\c@paragraph=\count171
\c@subparagraph=\count172
\c@figure=\count173
\c@table=\count174
\abovecaptionskip=\skip47
\belowcaptionskip=\skip48
\bibindent=\dimen134
)
(C:\Users\ole\AppData\Local\Programs\MiKTeX\tex/latex/base\inputenc.sty
Package: inputenc 2018/08/11 v1.3c Input encoding file
\inpenc@prehook=\toks15
\inpenc@posthook=\toks16

(C:\Users\ole\AppData\Local\Programs\MiKTeX\tex/latex/base\ansinew.def
File: ansinew.def 2018/08/11 v1.3c Input encoding file
))
(C:\Users\ole\AppData\Local\Programs\MiKTeX\tex/latex/graphics\graphicx.sty
Package: graphicx 2019/11/30 v1.2a Enhanced LaTeX Graphics (DPC,SPQR)

(C:\Users\ole\AppData\Local\Programs\MiKTeX\tex/latex/graphics\keyval.sty
Package: keyval 2014/10/28 v1.15 key=value parser (DPC)
\KV@toks@=\toks17
)
(C:\Users\ole\AppData\Local\Programs\MiKTeX\tex/latex/graphics\graphics.sty
Package: graphics 2019/11/30 v1.4a Standard LaTeX Graphics (DPC,SPQR)

(C:\Users\ole\AppData\Local\Programs\MiKTeX\tex/latex/graphics\trig.sty
Package: trig 2016/01/03 v1.10 sin cos tan (DPC)
)
(C:\Users\ole\AppData\Local\Programs\MiKTeX\tex/latex/graphics-cfg\graphics.cfg
File: graphics.cfg 2016/06/04 v1.11 sample graphics configuration
)
Package graphics Info: Driver file: pdftex.def on input line 105.
 (C:\Users\ole\AppData\Local\Programs\MiKTeX\tex/latex/graphics-def\pdftex.def
File: pdftex.def 2018/01/08 v1.0l Graphics/color driver for pdftex
))
\Gin@req@height=\dimen135
\Gin@req@width=\dimen136
) (C:\Users\ole\AppData\Local\Programs\MiKTeX\tex/latex/amsmath\amsmath.sty
Package: amsmath 2020/01/20 v2.17e AMS math features
\@mathmargin=\skip49

For additional information on amsmath, use the `?' option.
(C:\Users\ole\AppData\Local\Programs\MiKTeX\tex/latex/amsmath\amstext.sty
Package: amstext 2000/06/29 v2.01 AMS text

(C:\Users\ole\AppData\Local\Programs\MiKTeX\tex/latex/amsmath\amsgen.sty
File: amsgen.sty 1999/11/30 v2.0 generic functions
\@emptytoks=\toks18
\ex@=\dimen137
))
(C:\Users\ole\AppData\Local\Programs\MiKTeX\tex/latex/amsmath\amsbsy.sty
Package: amsbsy 1999/11/29 v1.2d Bold Symbols
\pmbraise@=\dimen138
)
(C:\Users\ole\AppData\Local\Programs\MiKTeX\tex/latex/amsmath\amsopn.sty
Package: amsopn 2016/03/08 v2.02 operator names
)
\inf@bad=\count175
LaTeX Info: Redefining \frac on input line 227.
\uproot@=\count176
\leftroot@=\count177
LaTeX Info: Redefining \overline on input line 389.
\classnum@=\count178
\DOTSCASE@=\count179
LaTeX Info: Redefining \ldots on input line 486.
LaTeX Info: Redefining \dots on input line 489.
LaTeX Info: Redefining \cdots on input line 610.
\Mathstrutbox@=\box45
\strutbox@=\box46
\big@size=\dimen139
LaTeX Font Info:    Redeclaring font encoding OML on input line 733.
LaTeX Font Info:    Redeclaring font encoding OMS on input line 734.
\macc@depth=\count180
\c@MaxMatrixCols=\count181
\dotsspace@=\muskip16
\c@parentequation=\count182
\dspbrk@lvl=\count183
\tag@help=\toks19
\row@=\count184
\column@=\count185
\maxfields@=\count186
\andhelp@=\toks20
\eqnshift@=\dimen140
\alignsep@=\dimen141
\tagshift@=\dimen142
\tagwidth@=\dimen143
\totwidth@=\dimen144
\lineht@=\dimen145
\@envbody=\toks21
\multlinegap=\skip50
\multlinetaggap=\skip51
\mathdisplay@stack=\toks22
LaTeX Info: Redefining \[ on input line 2859.
LaTeX Info: Redefining \] on input line 2860.
)
(maxiplot.sty
Package: maxiplot 2013/21/09
\c@maxima@count=\count187

(C:\Users\ole\AppData\Local\Programs\MiKTeX\tex/latex/tools\verbatim.sty
Package: verbatim 2019/11/10 v1.5r LaTeX2e package for verbatim enhancements
\every@verbatim=\toks23
\verbatim@line=\toks24
\verbatim@in@stream=\read2
))
(C:\Users\ole\AppData\Local\Programs\MiKTeX\tex/latex/l3backend\l3backend-pdfmo
de.def
File: l3backend-pdfmode.def 2020-06-29 L3 backend support: PDF mode
\l__kernel_color_stack_int=\count188
\l__pdf_internal_box=\box47
) (Maxiplot-eksempel-med-GNUPlot.aux)
\openout1 = `Maxiplot-eksempel-med-GNUPlot.aux'.

LaTeX Font Info:    Checking defaults for OML/cmm/m/it on input line 14.
LaTeX Font Info:    ... okay on input line 14.
LaTeX Font Info:    Checking defaults for OMS/cmsy/m/n on input line 14.
LaTeX Font Info:    ... okay on input line 14.
LaTeX Font Info:    Checking defaults for OT1/cmr/m/n on input line 14.
LaTeX Font Info:    ... okay on input line 14.
LaTeX Font Info:    Checking defaults for T1/cmr/m/n on input line 14.
LaTeX Font Info:    ... okay on input line 14.
LaTeX Font Info:    Checking defaults for TS1/cmr/m/n on input line 14.
LaTeX Font Info:    ... okay on input line 14.
LaTeX Font Info:    Checking defaults for OMX/cmex/m/n on input line 14.
LaTeX Font Info:    ... okay on input line 14.
LaTeX Font Info:    Checking defaults for U/cmr/m/n on input line 14.
LaTeX Font Info:    ... okay on input line 14.

(C:\Users\ole\AppData\Local\Programs\MiKTeX\tex/context/base/mkii\supp-pdf.mkii
[Loading MPS to PDF converter (version 2006.09.02).]
\scratchcounter=\count189
\scratchdimen=\dimen146
\scratchbox=\box48
\nofMPsegments=\count190
\nofMParguments=\count191
\everyMPshowfont=\toks25
\MPscratchCnt=\count192
\MPscratchDim=\dimen147
\MPnumerator=\count193
\makeMPintoPDFobject=\count194
\everyMPtoPDFconversion=\toks26
)
(C:\Users\ole\AppData\Local\Programs\MiKTeX\tex/latex/epstopdf-pkg\epstopdf-bas
e.sty
Package: epstopdf-base 2020-01-24 v2.11 Base part for package epstopdf
Package epstopdf-base Info: Redefining graphics rule for `.eps' on input line 4
85.
) (Maxiplot-eksempel-med-GNUPlot.mxp)
\@mainplot=\write3
\openout3 = `Maxiplot-eksempel-med-GNUPlot.gnp'.

<t.png, id=1, 456.20438pt x 345.54094pt>
File: t.png Graphic file (type png)
<use t.png>
Package pdftex.def Info: t.png  used on input line 61.
(pdftex.def)             Requested size: 342.15244pt x 259.15506pt.
 [1

{C:/Users/ole/AppData/Local/MiKTeX/pdftex/config/pdftex.map}]
Overfull \hbox (65.4029pt too wide) in paragraph at lines 84--84
[]  \OT1/cmtt/m/n/10.95 splot x1(u,v), y1(u,v), z1(u,v) w pm3d, x2(u,v), y2(u,v
), z2(u,v) w pm3d[] 
 []


Overfull \hbox (53.90552pt too wide) in paragraph at lines 85--85
[]  \OT1/cmtt/m/n/10.95 splot x1(u,v), y1(u,v), z1(u,v) lt 3,   x2(u,v), y2(u,v
), z2(u,v) lt 5[] 
 []

[2 <./t.png>]
<toros.png, id=17, 405.01312pt x 213.79875pt>
File: toros.png Graphic file (type png)
<use toros.png>
Package pdftex.def Info: toros.png  used on input line 115.
(pdftex.def)             Requested size: 303.75908pt x 160.34866pt.
\maxima@out=\write4
\openout4 = `Maxiplot-eksempel-med-GNUPlot.mac'.


Overfull \hbox (6.39552pt too wide) in paragraph at lines 141--143
[]\OT1/cmr/m/n/10.95 That can be avoided by us-ing Max-ima func-tions \OT1/cmtt
/m/n/10.95 ordergreat \OT1/cmr/m/n/10.95 and \OT1/cmtt/m/n/10.95 unorder\OT1/cm
r/m/n/10.95 : 
 []

[3 <./toros.png>]
Underfull \hbox (badness 10000) in paragraph at lines 197--201

 []

[4
runsystem(@echo Processing Maxima...)...executed.

runsystem(maxima.bat -b Maxiplot-eksempel-med-GNUPlot.mac>Maxiplot-eksempel-med
-GNUPlot.mac.log)...executed.

runsystem(@echo Maxima processed. See Maxiplot-eksempel-med-GNUPlot.mac.log for
 details)...executed.

runsystem(@echo Processing gnuplot...)...executed.

runsystem(gnuplot.exe Maxiplot-eksempel-med-GNUPlot.gnp)...executed.

] (Maxiplot-eksempel-med-GNUPlot.aux) ) 
Here is how much of TeX's memory you used:
 1949 strings out of 480790
 27471 string characters out of 2898239
 266085 words of memory out of 3000000
 17961 multiletter control sequences out of 15000+200000
 539452 words of font info for 49 fonts, out of 3000000 for 9000
 1141 hyphenation exceptions out of 8191
 30i,8n,25p,257b,264s stack positions out of 5000i,500n,10000p,200000b,50000s
<C:/Users/ole/AppData/Local/Programs/MiK
TeX/fonts/type1/public/amsfonts/cm/cmbx12.pfb><C:/Users/ole/AppData/Local/Progr
ams/MiKTeX/fonts/type1/public/amsfonts/cm/cmmi10.pfb><C:/Users/ole/AppData/Loca
l/Programs/MiKTeX/fonts/type1/public/amsfonts/cm/cmr10.pfb><C:/Users/ole/AppDat
a/Local/Programs/MiKTeX/fonts/type1/public/amsfonts/cm/cmr12.pfb><C:/Users/ole/
AppData/Local/Programs/MiKTeX/fonts/type1/public/amsfonts/cm/cmr17.pfb><C:/User
s/ole/AppData/Local/Programs/MiKTeX/fonts/type1/public/amsfonts/cm/cmr8.pfb><C:
/Users/ole/AppData/Local/Programs/MiKTeX/fonts/type1/public/amsfonts/cm/cmsy10.
pfb><C:/Users/ole/AppData/Local/Programs/MiKTeX/fonts/type1/public/amsfonts/cm/
cmti10.pfb><C:/Users/ole/AppData/Local/Programs/MiKTeX/fonts/type1/public/amsfo
nts/cm/cmtt10.pfb>
Output written on Maxiplot-eksempel-med-GNUPlot.pdf (4 pages, 132054 bytes).
PDF statistics:
 55 PDF objects out of 1000 (max. 8388607)
 0 named destinations out of 1000 (max. 500000)
 11 words of extra memory for PDF output out of 10000 (max. 10000000)

